android/app/build/intermediates/manifest_merge_blame_file/release/manifest-merger-blame-release-report.txt
1<?xml version="1.0" encoding="utf-8"?>
2<manifest xmlns:android="http://schemas.android.com/apk/res/android"
3    package="com.autoreply"
4    android:versionCode="1"
5    android:versionName="1.0" >
6
7    <uses-sdk
8        android:minSdkVersion="21"
8-->src/main/AndroidManifest.xml
9        android:targetSdkVersion="31" />
9-->src/main/AndroidManifest.xml
10
11    <uses-permission android:name="android.permission.INTERNET" />
11-->src/main/AndroidManifest.xml:3:2-64
11-->src/main/AndroidManifest.xml:3:19-61
12    <uses-permission android:name="android.permission.RECEIVE_SMS" />
12-->src/main/AndroidManifest.xml:4:2-67
12-->src/main/AndroidManifest.xml:4:19-64
13    <uses-permission android:name="android.permission.READ_SMS" />
13-->src/main/AndroidManifest.xml:5:2-64
13-->src/main/AndroidManifest.xml:5:19-61
14    <uses-permission android:name="android.permission.WRITE_SMS" />
14-->src/main/AndroidManifest.xml:6:2-65
14-->src/main/AndroidManifest.xml:6:19-62
15    <uses-permission android:name="android.permission.SEND_SMS" />
15-->src/main/AndroidManifest.xml:7:2-64
15-->src/main/AndroidManifest.xml:7:19-61
16    <uses-permission android:name="android.permission.READ_PHONE_STATE" />
16-->src/main/AndroidManifest.xml:8:3-73
16-->src/main/AndroidManifest.xml:8:20-70
17    <uses-permission android:name="android.permission.READ_CALL_LOG" />
17-->src/main/AndroidManifest.xml:9:3-70
17-->src/main/AndroidManifest.xml:9:20-67
18    <!-- <service android:name="com.example.MyTaskService" /> -->
19    <!--
20 <service android:name="com.autoreply.ExampleService" android:enabled="true" android:exported="false">
21	</service>
22	<service android:name="com.autoreply.ExampleEventService">
23	</service>
24    -->
25    <application
25-->src/main/AndroidManifest.xml:20:2-48:16
26        android:name="com.autoreply.MainApplication"
26-->src/main/AndroidManifest.xml:20:51-82
27        android:allowBackup="false"
27-->src/main/AndroidManifest.xml:20:197-224
28        android:appComponentFactory="androidx.core.app.CoreComponentFactory"
28-->[androidx.core:core:1.6.0] AndroidManifest.xml:24:18-86
29        android:icon="@mipmap/ic_launcher"
29-->src/main/AndroidManifest.xml:20:116-150
30        android:label="@string/app_name"
30-->src/main/AndroidManifest.xml:20:83-115
31        android:roundIcon="@mipmap/ic_launcher_round"
31-->src/main/AndroidManifest.xml:20:151-196
32        android:supportsRtl="true"
32-->[:react-native-call-detection] AndroidManifest.xml:14:9-35
33        android:theme="@style/AppTheme" >
33-->src/main/AndroidManifest.xml:20:225-256
34        <activity
34-->src/main/AndroidManifest.xml:21:3-37:14
35            android:name="com.autoreply.MainActivity"
35-->src/main/AndroidManifest.xml:21:13-41
36            android:configChanges="keyboard|keyboardHidden|orientation|screenLayout|screenSize|smallestScreenSize|uiMode"
36-->src/main/AndroidManifest.xml:21:76-185
37            android:exported="true"
37-->src/main/AndroidManifest.xml:21:261-284
38            android:label="@string/app_name"
38-->src/main/AndroidManifest.xml:21:43-75
39            android:launchMode="singleTask"
39-->src/main/AndroidManifest.xml:21:186-217
40            android:screenOrientation="portrait"
40-->src/main/AndroidManifest.xml:21:285-321
41            android:windowSoftInputMode="adjustResize" >
41-->src/main/AndroidManifest.xml:21:218-260
42
43            <!--
44         <receiver
45         android:name="com.autoreply.BootUpReceiver"
46         android:enabled="true"
47         android:permission="android.permission.RECEIVE_BOOT_COMPLETED">
48            -->
49
50            <intent-filter>
50-->src/main/AndroidManifest.xml:27:5-34:21
51                <action android:name="android.intent.action.MAIN" />
51-->src/main/AndroidManifest.xml:28:6-58
51-->src/main/AndroidManifest.xml:28:14-55
52
53                <category android:name="android.intent.category.LAUNCHER" />
53-->src/main/AndroidManifest.xml:29:6-66
53-->src/main/AndroidManifest.xml:29:16-63
54
55                <action android:name="android.intent.action.BOOT_COMPLETED" />
55-->src/main/AndroidManifest.xml:31:6-68
55-->src/main/AndroidManifest.xml:31:14-65
56
57                <category android:name="android.intent.category.DEFAULT" />
57-->src/main/AndroidManifest.xml:32:11-70
57-->src/main/AndroidManifest.xml:32:21-67
58            </intent-filter>
59
60            <!-- </receiver> -->
61        </activity>
62        <activity android:name="com.facebook.react.devsupport.DevSettingsActivity" />
62-->src/main/AndroidManifest.xml:39:3-80
62-->src/main/AndroidManifest.xml:39:13-77
63
64        <service
64-->src/main/AndroidManifest.xml:40:5-44:15
65            android:name="com.autoreply.ExampleService"
65-->src/main/AndroidManifest.xml:41:7-50
66            android:enabled="true"
66-->src/main/AndroidManifest.xml:42:7-29
67            android:exported="false" >
67-->src/main/AndroidManifest.xml:43:7-31
68        </service>
69        <service android:name="com.autoreply.ExampleEventService" >
69-->src/main/AndroidManifest.xml:45:5-47:15
69-->src/main/AndroidManifest.xml:46:7-55
70        </service>
71    </application>
72
73</manifest>